<?xml version="1.0" encoding="UTF-8"?>

<!-- 
 * junit.xml
 -->

<beans xmlns="http://www.springframework.org/schema/beans"
	xmlns:xsi="http://www.w3.org/2001/XMLSchema-instance"	
	xmlns:tx="http://www.springframework.org/schema/tx"
	xsi:schemaLocation="
		http://www.springframework.org/schema/beans http://www.springframework.org/schema/beans/spring-beans-4.0.xsd
	    http://www.springframework.org/schema/tx http://www.springframework.org/schema/tx/spring-tx-4.0.xsd

	">
	    <bean id="validator"
	class="org.springframework.validation.beanvalidation.LocalValidatorFactoryBean"/>
	<import resource="datasource.xml" />
	<import resource="config/packages.xml" />
	
</beans>